<?xml version="1.0" encoding="UTF-8"?>
<!-- Generated by org.testng.reporters.JUnitXMLReporter -->
<testsuite hostname="GEPPARLA-IN" ignored="0" name="Default test" tests="3" failures="0" timestamp="16 Nov 2019 15:34:48 GMT" time="4.226" errors="0">
  <testcase name="responseValidation" time="2.378" classname="eg.api.restassured.DemoQA_API"/>
  <testcase name="responseValidation2" time="1.21" classname="eg.api.restassured.DemoQA_API"/>
  <testcase name="responseValidation3" time="0.599" classname="eg.api.restassured.DemoQA_API"/>
</testsuite> <!-- Default test -->
